  [1m[35m (284.9ms)[0m  [1m[35mCREATE DATABASE "tracking_app_development" ENCODING = 'unicode'[0m
  [1m[35m (69.7ms)[0m  [1m[35mCREATE DATABASE "tracking_app_test" ENCODING = 'unicode'[0m
  [1m[35m (15.6ms)[0m  [1m[35mCREATE TABLE "schema_migrations" ("version" character varying NOT NULL PRIMARY KEY)[0m
  [1m[35m (1.6ms)[0m  [1m[35mCREATE TABLE "ar_internal_metadata" ("key" character varying NOT NULL PRIMARY KEY, "value" character varying, "created_at" timestamp(6) NOT NULL, "updated_at" timestamp(6) NOT NULL)[0m
  [1m[35m (0.2ms)[0m  [1m[34mSELECT pg_try_advisory_lock(6850497520281402645)[0m
  [1m[36mActiveRecord::SchemaMigration Load (0.2ms)[0m  [1m[34mSELECT "schema_migrations"."version" FROM "schema_migrations" ORDER BY "schema_migrations"."version" ASC[0m
  [1m[36mActiveRecord::InternalMetadata Load (6.2ms)[0m  [1m[34mSELECT * FROM "ar_internal_metadata" WHERE "ar_internal_metadata"."key" = $1 ORDER BY "ar_internal_metadata"."key" ASC LIMIT 1[0m  [[nil, "environment"]]
  [1m[36mActiveRecord::InternalMetadata Create (1.2ms)[0m  [1m[32mINSERT INTO "ar_internal_metadata" ("key", "value", "created_at", "updated_at") VALUES ('environment', 'development', '2024-11-01 18:28:01.064672', '2024-11-01 18:28:01.064675') RETURNING "key"[0m
Migrating to DeviseCreateUsers (20241101182754)
  [1m[36mTRANSACTION (0.0ms)[0m  [1m[35mBEGIN[0m
  [1m[35m (19.5ms)[0m  [1m[35mCREATE TABLE "users" ("id" bigserial primary key, "email" character varying DEFAULT '' NOT NULL, "encrypted_password" character varying DEFAULT '' NOT NULL, "reset_password_token" character varying, "reset_password_sent_at" timestamp(6), "remember_created_at" timestamp(6), "created_at" timestamp(6) NOT NULL, "updated_at" timestamp(6) NOT NULL)[0m
  [1m[35m (4.0ms)[0m  [1m[35mCREATE UNIQUE INDEX "index_users_on_email" ON "users" ("email")[0m
  [1m[35m (1.5ms)[0m  [1m[35mCREATE UNIQUE INDEX "index_users_on_reset_password_token" ON "users" ("reset_password_token")[0m
  [1m[36mActiveRecord::SchemaMigration Create (0.8ms)[0m  [1m[32mINSERT INTO "schema_migrations" ("version") VALUES ('20241101182754') RETURNING "version"[0m
  [1m[36mTRANSACTION (0.5ms)[0m  [1m[35mCOMMIT[0m
  [1m[35m (0.7ms)[0m  [1m[34mSELECT pg_advisory_unlock(6850497520281402645)[0m
  [1m[36mActiveRecord::SchemaMigration Load (0.2ms)[0m  [1m[34mSELECT "schema_migrations"."version" FROM "schema_migrations" ORDER BY "schema_migrations"."version" ASC[0m
  [1m[35m (0.1ms)[0m  [1m[34mSELECT pg_try_advisory_lock(6850497520281402645)[0m
  [1m[36mActiveRecord::SchemaMigration Load (11.5ms)[0m  [1m[34mSELECT "schema_migrations"."version" FROM "schema_migrations" ORDER BY "schema_migrations"."version" ASC[0m
  [1m[36mActiveRecord::InternalMetadata Load (1.0ms)[0m  [1m[34mSELECT * FROM "ar_internal_metadata" WHERE "ar_internal_metadata"."key" = $1 ORDER BY "ar_internal_metadata"."key" ASC LIMIT 1[0m  [[nil, "environment"]]
Migrating to CreateTrainingSessions (20241101182922)
  [1m[36mTRANSACTION (0.1ms)[0m  [1m[35mBEGIN[0m
  [1m[35m (9.7ms)[0m  [1m[35mCREATE TABLE "training_sessions" ("id" bigserial primary key, "date" date, "activity" character varying, "duration" integer, "description" text, "user_id" bigint NOT NULL, "created_at" timestamp(6) NOT NULL, "updated_at" timestamp(6) NOT NULL, CONSTRAINT "fk_rails_7dfd856521"
FOREIGN KEY ("user_id")
  REFERENCES "users" ("id")
)[0m
  [1m[35m (0.8ms)[0m  [1m[35mCREATE INDEX "index_training_sessions_on_user_id" ON "training_sessions" ("user_id")[0m
  [1m[36mActiveRecord::SchemaMigration Create (0.2ms)[0m  [1m[32mINSERT INTO "schema_migrations" ("version") VALUES ('20241101182922') RETURNING "version"[0m
  [1m[36mTRANSACTION (6.0ms)[0m  [1m[35mCOMMIT[0m
  [1m[35m (0.5ms)[0m  [1m[34mSELECT pg_advisory_unlock(6850497520281402645)[0m
  [1m[36mActiveRecord::SchemaMigration Load (0.3ms)[0m  [1m[34mSELECT "schema_migrations"."version" FROM "schema_migrations" ORDER BY "schema_migrations"."version" ASC[0m
Started GET "/" for 127.0.0.1 at 2024-11-01 15:34:33 -0300
  [1m[36mActiveRecord::SchemaMigration Load (1.3ms)[0m  [1m[34mSELECT "schema_migrations"."version" FROM "schema_migrations" ORDER BY "schema_migrations"."version" ASC[0m
Processing by TrainingSessionsController#index as HTML
Completed 401 Unauthorized in 18ms (ActiveRecord: 0.0ms (0 queries, 0 cached) | GC: 0.6ms)


Started GET "/users/sign_in" for 127.0.0.1 at 2024-11-01 15:34:34 -0300
Processing by Devise::SessionsController#new as HTML
  Rendering layout layouts/application.html.erb
  Rendering devise/sessions/new.html.erb within layouts/application
  Rendered devise/shared/_links.html.erb (Duration: 0.4ms | GC: 0.0ms)
  Rendered devise/sessions/new.html.erb within layouts/application (Duration: 6.0ms | GC: 0.1ms)
  Rendered layout layouts/application.html.erb (Duration: 196.5ms | GC: 13.3ms)
Completed 200 OK in 232ms (Views: 204.1ms | ActiveRecord: 13.0ms (0 queries, 0 cached) | GC: 13.9ms)


Started GET "/users/sign_up" for 127.0.0.1 at 2024-11-01 15:34:38 -0300
Processing by Devise::RegistrationsController#new as HTML
  Rendering layout layouts/application.html.erb
  Rendering devise/registrations/new.html.erb within layouts/application
  Rendered devise/shared/_error_messages.html.erb (Duration: 0.5ms | GC: 0.0ms)
  Rendered devise/shared/_links.html.erb (Duration: 0.4ms | GC: 0.0ms)
  Rendered devise/registrations/new.html.erb within layouts/application (Duration: 4.5ms | GC: 0.0ms)
  Rendered layout layouts/application.html.erb (Duration: 7.8ms | GC: 0.0ms)
Completed 200 OK in 11ms (Views: 9.4ms | ActiveRecord: 0.0ms (0 queries, 0 cached) | GC: 0.0ms)


Started POST "/users" for 127.0.0.1 at 2024-11-01 15:34:50 -0300
Processing by Devise::RegistrationsController#create as HTML
  Parameters: {"authenticity_token"=>"[FILTERED]", "user"=>{"email"=>"[FILTERED]", "password"=>"[FILTERED]", "password_confirmation"=>"[FILTERED]"}, "commit"=>"Sign up"}
  [1m[36mTRANSACTION (0.2ms)[0m  [1m[35mBEGIN[0m
  [1m[36mUser Exists? (4.4ms)[0m  [1m[34mSELECT 1 AS one FROM "users" WHERE "users"."email" = $1 LIMIT $2[0m  [["email", "[FILTERED]"], ["LIMIT", 1]]
  [1m[36mUser Create (4.1ms)[0m  [1m[32mINSERT INTO "users" ("email", "encrypted_password", "reset_password_token", "reset_password_sent_at", "remember_created_at", "created_at", "updated_at") VALUES ($1, $2, $3, $4, $5, $6, $7) RETURNING "id"[0m  [["email", "[FILTERED]"], ["encrypted_password", "[FILTERED]"], ["reset_password_token", "[FILTERED]"], ["reset_password_sent_at", "[FILTERED]"], ["remember_created_at", nil], ["created_at", "2024-11-01 18:34:50.774060"], ["updated_at", "2024-11-01 18:34:50.774060"]]
  [1m[36mTRANSACTION (1.2ms)[0m  [1m[35mCOMMIT[0m
Redirected to http://127.0.0.1:3000/
Completed 303 See Other in 324ms (ActiveRecord: 9.9ms (2 queries, 0 cached) | GC: 0.0ms)


Started GET "/" for 127.0.0.1 at 2024-11-01 15:34:50 -0300
Processing by TrainingSessionsController#index as HTML
  [1m[36mUser Load (0.3ms)[0m  [1m[34mSELECT "users".* FROM "users" WHERE "users"."id" = $1 ORDER BY "users"."id" ASC LIMIT $2[0m  [["id", 1], ["LIMIT", 1]]
  Rendering layout layouts/application.html.erb
  Rendering training_sessions/index.html.erb within layouts/application
  [1m[36mTrainingSession Load (1.2ms)[0m  [1m[34mSELECT "training_sessions".* FROM "training_sessions" WHERE "training_sessions"."user_id" = $1 ORDER BY "training_sessions"."date" DESC[0m  [["user_id", 1]]
  ↳ app/views/training_sessions/index.html.erb:5
  Rendered training_sessions/index.html.erb within layouts/application (Duration: 2.5ms | GC: 0.0ms)
  Rendered layout layouts/application.html.erb (Duration: 3.8ms | GC: 0.0ms)
Completed 200 OK in 21ms (Views: 3.3ms | ActiveRecord: 4.7ms (2 queries, 0 cached) | GC: 0.0ms)


Started GET "/training_sessions/new" for 127.0.0.1 at 2024-11-01 15:34:57 -0300
Processing by TrainingSessionsController#new as HTML
  [1m[36mUser Load (0.5ms)[0m  [1m[34mSELECT "users".* FROM "users" WHERE "users"."id" = $1 ORDER BY "users"."id" ASC LIMIT $2[0m  [["id", 1], ["LIMIT", 1]]
  Rendering layout layouts/application.html.erb
  Rendering training_sessions/new.html.erb within layouts/application
  Rendered training_sessions/_form.html.erb (Duration: 13.7ms | GC: 6.2ms)
  Rendered training_sessions/new.html.erb within layouts/application (Duration: 14.6ms | GC: 6.2ms)
  Rendered layout layouts/application.html.erb (Duration: 17.0ms | GC: 6.2ms)
Completed 200 OK in 32ms (Views: 17.4ms | ActiveRecord: 0.5ms (1 query, 0 cached) | GC: 6.2ms)


Started POST "/training_sessions" for 127.0.0.1 at 2024-11-01 15:35:29 -0300
Processing by TrainingSessionsController#create as HTML
  Parameters: {"authenticity_token"=>"[FILTERED]", "training_session"=>{"date"=>"2024-11-01", "activity"=>"Abs training ", "duration"=>"30", "description"=>"I did 30 min of abs "}, "commit"=>"Create Training session"}
  [1m[36mUser Load (0.5ms)[0m  [1m[34mSELECT "users".* FROM "users" WHERE "users"."id" = $1 ORDER BY "users"."id" ASC LIMIT $2[0m  [["id", 1], ["LIMIT", 1]]
  [1m[36mTRANSACTION (0.2ms)[0m  [1m[35mBEGIN[0m
  ↳ app/controllers/training_sessions_controller.rb:15:in `create'
  [1m[36mTrainingSession Create (4.5ms)[0m  [1m[32mINSERT INTO "training_sessions" ("date", "activity", "duration", "description", "user_id", "created_at", "updated_at") VALUES ($1, $2, $3, $4, $5, $6, $7) RETURNING "id"[0m  [["date", "2024-11-01"], ["activity", "Abs training "], ["duration", 30], ["description", "I did 30 min of abs "], ["user_id", 1], ["created_at", "2024-11-01 18:35:29.073508"], ["updated_at", "2024-11-01 18:35:29.073508"]]
  ↳ app/controllers/training_sessions_controller.rb:15:in `create'
  [1m[36mTRANSACTION (0.2ms)[0m  [1m[35mCOMMIT[0m
  ↳ app/controllers/training_sessions_controller.rb:15:in `create'
Redirected to http://127.0.0.1:3000/training_sessions
Completed 302 Found in 14ms (ActiveRecord: 5.3ms (2 queries, 0 cached) | GC: 0.9ms)


Started GET "/training_sessions" for 127.0.0.1 at 2024-11-01 15:35:29 -0300
Processing by TrainingSessionsController#index as HTML
  [1m[36mUser Load (0.4ms)[0m  [1m[34mSELECT "users".* FROM "users" WHERE "users"."id" = $1 ORDER BY "users"."id" ASC LIMIT $2[0m  [["id", 1], ["LIMIT", 1]]
  Rendering layout layouts/application.html.erb
  Rendering training_sessions/index.html.erb within layouts/application
  [1m[36mTrainingSession Load (0.2ms)[0m  [1m[34mSELECT "training_sessions".* FROM "training_sessions" WHERE "training_sessions"."user_id" = $1 ORDER BY "training_sessions"."date" DESC[0m  [["user_id", 1]]
  ↳ app/views/training_sessions/index.html.erb:5
  Rendered training_sessions/index.html.erb within layouts/application (Duration: 1.3ms | GC: 0.0ms)
  Rendered layout layouts/application.html.erb (Duration: 4.2ms | GC: 0.0ms)
Completed 200 OK in 8ms (Views: 4.7ms | ActiveRecord: 0.6ms (2 queries, 0 cached) | GC: 0.7ms)


Started GET "/training_sessions/1/edit" for 127.0.0.1 at 2024-11-01 15:35:33 -0300
Processing by TrainingSessionsController#edit as HTML
  Parameters: {"id"=>"1"}
  [1m[36mUser Load (0.5ms)[0m  [1m[34mSELECT "users".* FROM "users" WHERE "users"."id" = $1 ORDER BY "users"."id" ASC LIMIT $2[0m  [["id", 1], ["LIMIT", 1]]
  [1m[36mTrainingSession Load (0.3ms)[0m  [1m[34mSELECT "training_sessions".* FROM "training_sessions" WHERE "training_sessions"."user_id" = $1 AND "training_sessions"."id" = $2 LIMIT $3[0m  [["user_id", 1], ["id", 1], ["LIMIT", 1]]
  ↳ app/controllers/training_sessions_controller.rb:40:in `set_training_session'
  Rendering layout layouts/application.html.erb
  Rendering training_sessions/edit.html.erb within layouts/application
  Rendered training_sessions/_form.html.erb (Duration: 1.7ms | GC: 0.0ms)
  Rendered training_sessions/edit.html.erb within layouts/application (Duration: 2.3ms | GC: 0.0ms)
  Rendered layout layouts/application.html.erb (Duration: 6.4ms | GC: 0.5ms)
Completed 200 OK in 14ms (Views: 6.8ms | ActiveRecord: 0.8ms (2 queries, 0 cached) | GC: 0.8ms)


Started PATCH "/training_sessions/1" for 127.0.0.1 at 2024-11-01 15:35:37 -0300
Processing by TrainingSessionsController#update as HTML
  Parameters: {"authenticity_token"=>"[FILTERED]", "training_session"=>{"date"=>"2024-11-01", "activity"=>"Abs training ", "duration"=>"30", "description"=>"I did 30 min of abs."}, "commit"=>"Update Training session", "id"=>"1"}
  [1m[36mUser Load (0.5ms)[0m  [1m[34mSELECT "users".* FROM "users" WHERE "users"."id" = $1 ORDER BY "users"."id" ASC LIMIT $2[0m  [["id", 1], ["LIMIT", 1]]
  [1m[36mTrainingSession Load (0.4ms)[0m  [1m[34mSELECT "training_sessions".* FROM "training_sessions" WHERE "training_sessions"."user_id" = $1 AND "training_sessions"."id" = $2 LIMIT $3[0m  [["user_id", 1], ["id", 1], ["LIMIT", 1]]
  ↳ app/controllers/training_sessions_controller.rb:40:in `set_training_session'
  [1m[36mTRANSACTION (0.2ms)[0m  [1m[35mBEGIN[0m
  ↳ app/controllers/training_sessions_controller.rb:25:in `update'
  [1m[36mTrainingSession Update (2.5ms)[0m  [1m[33mUPDATE "training_sessions" SET "description" = $1, "updated_at" = $2 WHERE "training_sessions"."id" = $3[0m  [["description", "I did 30 min of abs."], ["updated_at", "2024-11-01 18:35:37.608593"], ["id", 1]]
  ↳ app/controllers/training_sessions_controller.rb:25:in `update'
  [1m[36mTRANSACTION (1.2ms)[0m  [1m[35mCOMMIT[0m
  ↳ app/controllers/training_sessions_controller.rb:25:in `update'
Redirected to http://127.0.0.1:3000/training_sessions
Completed 302 Found in 16ms (ActiveRecord: 4.7ms (3 queries, 0 cached) | GC: 1.1ms)


Started GET "/training_sessions" for 127.0.0.1 at 2024-11-01 15:35:37 -0300
Processing by TrainingSessionsController#index as HTML
  [1m[36mUser Load (0.3ms)[0m  [1m[34mSELECT "users".* FROM "users" WHERE "users"."id" = $1 ORDER BY "users"."id" ASC LIMIT $2[0m  [["id", 1], ["LIMIT", 1]]
  Rendering layout layouts/application.html.erb
  Rendering training_sessions/index.html.erb within layouts/application
  [1m[36mTrainingSession Load (0.3ms)[0m  [1m[34mSELECT "training_sessions".* FROM "training_sessions" WHERE "training_sessions"."user_id" = $1 ORDER BY "training_sessions"."date" DESC[0m  [["user_id", 1]]
  ↳ app/views/training_sessions/index.html.erb:5
  Rendered training_sessions/index.html.erb within layouts/application (Duration: 1.8ms | GC: 0.0ms)
  Rendered layout layouts/application.html.erb (Duration: 5.0ms | GC: 0.0ms)
Completed 200 OK in 10ms (Views: 5.0ms | ActiveRecord: 0.6ms (2 queries, 0 cached) | GC: 0.4ms)


Started GET "/training_sessions/new" for 127.0.0.1 at 2024-11-01 15:35:42 -0300
Processing by TrainingSessionsController#new as HTML
  [1m[36mUser Load (0.3ms)[0m  [1m[34mSELECT "users".* FROM "users" WHERE "users"."id" = $1 ORDER BY "users"."id" ASC LIMIT $2[0m  [["id", 1], ["LIMIT", 1]]
  Rendering layout layouts/application.html.erb
  Rendering training_sessions/new.html.erb within layouts/application
  Rendered training_sessions/_form.html.erb (Duration: 1.8ms | GC: 0.0ms)
  Rendered training_sessions/new.html.erb within layouts/application (Duration: 2.1ms | GC: 0.0ms)
  Rendered layout layouts/application.html.erb (Duration: 5.8ms | GC: 0.0ms)
Completed 200 OK in 12ms (Views: 6.3ms | ActiveRecord: 0.3ms (1 query, 0 cached) | GC: 0.5ms)


Started POST "/training_sessions" for 127.0.0.1 at 2024-11-01 15:36:02 -0300
Processing by TrainingSessionsController#create as HTML
  Parameters: {"authenticity_token"=>"[FILTERED]", "training_session"=>{"date"=>"2024-11-01", "activity"=>"Running", "duration"=>"40", "description"=>"40 min of running uphill"}, "commit"=>"Create Training session"}
  [1m[36mUser Load (0.4ms)[0m  [1m[34mSELECT "users".* FROM "users" WHERE "users"."id" = $1 ORDER BY "users"."id" ASC LIMIT $2[0m  [["id", 1], ["LIMIT", 1]]
  [1m[36mTRANSACTION (0.1ms)[0m  [1m[35mBEGIN[0m
  ↳ app/controllers/training_sessions_controller.rb:15:in `create'
  [1m[36mTrainingSession Create (2.4ms)[0m  [1m[32mINSERT INTO "training_sessions" ("date", "activity", "duration", "description", "user_id", "created_at", "updated_at") VALUES ($1, $2, $3, $4, $5, $6, $7) RETURNING "id"[0m  [["date", "2024-11-01"], ["activity", "Running"], ["duration", 40], ["description", "40 min of running uphill"], ["user_id", 1], ["created_at", "2024-11-01 18:36:02.062595"], ["updated_at", "2024-11-01 18:36:02.062595"]]
  ↳ app/controllers/training_sessions_controller.rb:15:in `create'
  [1m[36mTRANSACTION (0.4ms)[0m  [1m[35mCOMMIT[0m
  ↳ app/controllers/training_sessions_controller.rb:15:in `create'
Redirected to http://127.0.0.1:3000/training_sessions
Completed 302 Found in 12ms (ActiveRecord: 3.3ms (2 queries, 0 cached) | GC: 1.6ms)


Started GET "/training_sessions" for 127.0.0.1 at 2024-11-01 15:36:02 -0300
Processing by TrainingSessionsController#index as HTML
  [1m[36mUser Load (0.3ms)[0m  [1m[34mSELECT "users".* FROM "users" WHERE "users"."id" = $1 ORDER BY "users"."id" ASC LIMIT $2[0m  [["id", 1], ["LIMIT", 1]]
  Rendering layout layouts/application.html.erb
  Rendering training_sessions/index.html.erb within layouts/application
  [1m[36mTrainingSession Load (0.3ms)[0m  [1m[34mSELECT "training_sessions".* FROM "training_sessions" WHERE "training_sessions"."user_id" = $1 ORDER BY "training_sessions"."date" DESC[0m  [["user_id", 1]]
  ↳ app/views/training_sessions/index.html.erb:5
  Rendered training_sessions/index.html.erb within layouts/application (Duration: 3.8ms | GC: 2.1ms)
  Rendered layout layouts/application.html.erb (Duration: 13.1ms | GC: 7.9ms)
Completed 200 OK in 19ms (Views: 13.1ms | ActiveRecord: 0.6ms (2 queries, 0 cached) | GC: 9.8ms)


Started GET "/training_sessions/2" for 127.0.0.1 at 2024-11-01 15:36:03 -0300
  
ActionController::RoutingError (No route matches [GET] "/training_sessions/2"):
  
Started GET "/training_sessions/2" for 127.0.0.1 at 2024-11-01 15:39:39 -0300
  
ActionController::RoutingError (No route matches [GET] "/training_sessions/2"):
  
Started GET "/training_sessions" for 127.0.0.1 at 2024-11-01 15:41:57 -0300
Processing by TrainingSessionsController#index as HTML
  [1m[36mUser Load (2.6ms)[0m  [1m[34mSELECT "users".* FROM "users" WHERE "users"."id" = $1 ORDER BY "users"."id" ASC LIMIT $2[0m  [["id", 1], ["LIMIT", 1]]
  Rendering layout layouts/application.html.erb
  Rendering training_sessions/index.html.erb within layouts/application
  [1m[36mTrainingSession Load (1.8ms)[0m  [1m[34mSELECT "training_sessions".* FROM "training_sessions" WHERE "training_sessions"."user_id" = $1 ORDER BY "training_sessions"."date" DESC[0m  [["user_id", 1]]
  ↳ app/views/training_sessions/index.html.erb:5
  Rendered training_sessions/index.html.erb within layouts/application (Duration: 7.5ms | GC: 0.0ms)
  Rendered layout layouts/application.html.erb (Duration: 10.3ms | GC: 0.0ms)
Completed 200 OK in 67ms (Views: 9.6ms | ActiveRecord: 49.4ms (2 queries, 0 cached) | GC: 0.0ms)


Started DELETE "/training_sessions/2" for 127.0.0.1 at 2024-11-01 15:42:00 -0300
Processing by TrainingSessionsController#destroy as HTML
  Parameters: {"authenticity_token"=>"[FILTERED]", "id"=>"2"}
  [1m[36mUser Load (0.5ms)[0m  [1m[34mSELECT "users".* FROM "users" WHERE "users"."id" = $1 ORDER BY "users"."id" ASC LIMIT $2[0m  [["id", 1], ["LIMIT", 1]]
  [1m[36mTrainingSession Load (0.6ms)[0m  [1m[34mSELECT "training_sessions".* FROM "training_sessions" WHERE "training_sessions"."user_id" = $1 AND "training_sessions"."id" = $2 LIMIT $3[0m  [["user_id", 1], ["id", 2], ["LIMIT", 1]]
  ↳ app/controllers/training_sessions_controller.rb:40:in `set_training_session'
  [1m[36mTRANSACTION (0.2ms)[0m  [1m[35mBEGIN[0m
  ↳ app/controllers/training_sessions_controller.rb:33:in `destroy'
  [1m[36mTrainingSession Destroy (3.6ms)[0m  [1m[31mDELETE FROM "training_sessions" WHERE "training_sessions"."id" = $1[0m  [["id", 2]]
  ↳ app/controllers/training_sessions_controller.rb:33:in `destroy'
  [1m[36mTRANSACTION (0.6ms)[0m  [1m[35mCOMMIT[0m
  ↳ app/controllers/training_sessions_controller.rb:33:in `destroy'
Redirected to http://127.0.0.1:3000/training_sessions
Completed 302 Found in 17ms (ActiveRecord: 5.5ms (3 queries, 0 cached) | GC: 0.0ms)


Started GET "/training_sessions" for 127.0.0.1 at 2024-11-01 15:42:00 -0300
Processing by TrainingSessionsController#index as HTML
  [1m[36mUser Load (0.3ms)[0m  [1m[34mSELECT "users".* FROM "users" WHERE "users"."id" = $1 ORDER BY "users"."id" ASC LIMIT $2[0m  [["id", 1], ["LIMIT", 1]]
  Rendering layout layouts/application.html.erb
  Rendering training_sessions/index.html.erb within layouts/application
  [1m[36mTrainingSession Load (0.4ms)[0m  [1m[34mSELECT "training_sessions".* FROM "training_sessions" WHERE "training_sessions"."user_id" = $1 ORDER BY "training_sessions"."date" DESC[0m  [["user_id", 1]]
  ↳ app/views/training_sessions/index.html.erb:5
  Rendered training_sessions/index.html.erb within layouts/application (Duration: 2.9ms | GC: 0.0ms)
  Rendered layout layouts/application.html.erb (Duration: 6.1ms | GC: 0.0ms)
Completed 200 OK in 11ms (Views: 6.1ms | ActiveRecord: 0.7ms (2 queries, 0 cached) | GC: 0.0ms)


Started GET "/training_sessions" for 127.0.0.1 at 2024-11-01 15:45:09 -0300
Processing by TrainingSessionsController#index as HTML
  [1m[36mUser Load (0.2ms)[0m  [1m[34mSELECT "users".* FROM "users" WHERE "users"."id" = $1 ORDER BY "users"."id" ASC LIMIT $2[0m  [["id", 1], ["LIMIT", 1]]
  Rendering layout layouts/application.html.erb
  Rendering training_sessions/index.html.erb within layouts/application
  [1m[36mTrainingSession Load (0.1ms)[0m  [1m[34mSELECT "training_sessions".* FROM "training_sessions" WHERE "training_sessions"."user_id" = $1 ORDER BY "training_sessions"."date" DESC[0m  [["user_id", 1]]
  ↳ app/views/training_sessions/index.html.erb:5
  Rendered training_sessions/index.html.erb within layouts/application (Duration: 2.3ms | GC: 0.1ms)
  Rendered layout layouts/application.html.erb (Duration: 4.5ms | GC: 0.2ms)
Completed 200 OK in 22ms (Views: 5.0ms | ActiveRecord: 11.2ms (2 queries, 0 cached) | GC: 0.7ms)


Started GET "/training_sessions" for 127.0.0.1 at 2024-11-01 15:45:31 -0300
Processing by TrainingSessionsController#index as HTML
  [1m[36mUser Load (0.2ms)[0m  [1m[34mSELECT "users".* FROM "users" WHERE "users"."id" = $1 ORDER BY "users"."id" ASC LIMIT $2[0m  [["id", 1], ["LIMIT", 1]]
  Rendering layout layouts/application.html.erb
  Rendering training_sessions/index.html.erb within layouts/application
  [1m[36mTrainingSession Load (0.2ms)[0m  [1m[34mSELECT "training_sessions".* FROM "training_sessions" WHERE "training_sessions"."user_id" = $1 ORDER BY "training_sessions"."date" DESC[0m  [["user_id", 1]]
  ↳ app/views/training_sessions/index.html.erb:5
  Rendered training_sessions/index.html.erb within layouts/application (Duration: 2.7ms | GC: 0.0ms)
  Rendered layout layouts/application.html.erb (Duration: 4.9ms | GC: 0.0ms)
Completed 200 OK in 45ms (Views: 5.6ms | ActiveRecord: 30.9ms (2 queries, 0 cached) | GC: 0.0ms)


Started GET "/training_sessions" for 127.0.0.1 at 2024-11-01 15:46:01 -0300
Processing by TrainingSessionsController#index as HTML
  [1m[36mUser Load (0.2ms)[0m  [1m[34mSELECT "users".* FROM "users" WHERE "users"."id" = $1 ORDER BY "users"."id" ASC LIMIT $2[0m  [["id", 1], ["LIMIT", 1]]
  Rendering layout layouts/application.html.erb
  Rendering training_sessions/index.html.erb within layouts/application
  [1m[36mTrainingSession Load (0.2ms)[0m  [1m[34mSELECT "training_sessions".* FROM "training_sessions" WHERE "training_sessions"."user_id" = $1 ORDER BY "training_sessions"."date" DESC[0m  [["user_id", 1]]
  ↳ app/views/training_sessions/index.html.erb:5
  Rendered training_sessions/index.html.erb within layouts/application (Duration: 2.5ms | GC: 0.1ms)
  Rendered layout layouts/application.html.erb (Duration: 4.5ms | GC: 0.2ms)
Completed 200 OK in 24ms (Views: 5.0ms | ActiveRecord: 11.7ms (2 queries, 0 cached) | GC: 0.6ms)


Started GET "/training_sessions" for 127.0.0.1 at 2024-11-01 15:46:13 -0300
Processing by TrainingSessionsController#index as HTML
  [1m[36mUser Load (0.1ms)[0m  [1m[34mSELECT "users".* FROM "users" WHERE "users"."id" = $1 ORDER BY "users"."id" ASC LIMIT $2[0m  [["id", 1], ["LIMIT", 1]]
  Rendering layout layouts/application.html.erb
  Rendering training_sessions/index.html.erb within layouts/application
  [1m[36mTrainingSession Load (0.2ms)[0m  [1m[34mSELECT "training_sessions".* FROM "training_sessions" WHERE "training_sessions"."user_id" = $1 ORDER BY "training_sessions"."date" DESC[0m  [["user_id", 1]]
  ↳ app/views/training_sessions/index.html.erb:5
  Rendered training_sessions/index.html.erb within layouts/application (Duration: 2.1ms | GC: 0.0ms)
  Rendered layout layouts/application.html.erb (Duration: 3.7ms | GC: 0.0ms)
Completed 200 OK in 15ms (Views: 4.1ms | ActiveRecord: 5.6ms (2 queries, 0 cached) | GC: 0.0ms)


Started GET "/training_sessions" for 127.0.0.1 at 2024-11-01 15:46:54 -0300
Processing by TrainingSessionsController#index as HTML
  [1m[36mUser Load (0.2ms)[0m  [1m[34mSELECT "users".* FROM "users" WHERE "users"."id" = $1 ORDER BY "users"."id" ASC LIMIT $2[0m  [["id", 1], ["LIMIT", 1]]
  Rendering layout layouts/application.html.erb
  Rendering training_sessions/index.html.erb within layouts/application
  [1m[36mTrainingSession Load (0.2ms)[0m  [1m[34mSELECT "training_sessions".* FROM "training_sessions" WHERE "training_sessions"."user_id" = $1 ORDER BY "training_sessions"."date" DESC[0m  [["user_id", 1]]
  ↳ app/views/training_sessions/index.html.erb:5
  Rendered training_sessions/index.html.erb within layouts/application (Duration: 3.1ms | GC: 0.4ms)
  Rendered layout layouts/application.html.erb (Duration: 6.2ms | GC: 0.7ms)
Completed 200 OK in 38ms (Views: 6.8ms | ActiveRecord: 18.7ms (2 queries, 0 cached) | GC: 5.3ms)


Started GET "/training_sessions" for 127.0.0.1 at 2024-11-01 15:47:03 -0300
Processing by TrainingSessionsController#index as HTML
  [1m[36mUser Load (0.1ms)[0m  [1m[34mSELECT "users".* FROM "users" WHERE "users"."id" = $1 ORDER BY "users"."id" ASC LIMIT $2[0m  [["id", 1], ["LIMIT", 1]]
  Rendering layout layouts/application.html.erb
  Rendering training_sessions/index.html.erb within layouts/application
  [1m[36mTrainingSession Load (3.5ms)[0m  [1m[34mSELECT "training_sessions".* FROM "training_sessions" WHERE "training_sessions"."user_id" = $1 ORDER BY "training_sessions"."date" DESC[0m  [["user_id", 1]]
  ↳ app/views/training_sessions/index.html.erb:5
  Rendered training_sessions/index.html.erb within layouts/application (Duration: 8.8ms | GC: 0.4ms)
  Rendered layout layouts/application.html.erb (Duration: 11.0ms | GC: 0.6ms)
Completed 200 OK in 24ms (Views: 8.2ms | ActiveRecord: 10.2ms (2 queries, 0 cached) | GC: 0.8ms)


Started GET "/training_sessions/new" for 127.0.0.1 at 2024-11-01 15:47:08 -0300
Processing by TrainingSessionsController#new as HTML
  [1m[36mUser Load (0.9ms)[0m  [1m[34mSELECT "users".* FROM "users" WHERE "users"."id" = $1 ORDER BY "users"."id" ASC LIMIT $2[0m  [["id", 1], ["LIMIT", 1]]
  Rendering layout layouts/application.html.erb
  Rendering training_sessions/new.html.erb within layouts/application
  Rendered training_sessions/_form.html.erb (Duration: 3.8ms | GC: 0.5ms)
  Rendered training_sessions/new.html.erb within layouts/application (Duration: 5.9ms | GC: 0.5ms)
  Rendered layout layouts/application.html.erb (Duration: 10.0ms | GC: 0.5ms)
Completed 200 OK in 24ms (Views: 10.6ms | ActiveRecord: 0.9ms (1 query, 0 cached) | GC: 1.6ms)


Started POST "/training_sessions" for 127.0.0.1 at 2024-11-01 15:47:24 -0300
Processing by TrainingSessionsController#create as HTML
  Parameters: {"authenticity_token"=>"[FILTERED]", "training_session"=>{"date"=>"2024-10-31", "activity"=>"Running", "duration"=>"40", "description"=>"Running uphill"}, "commit"=>"Create Training session"}
  [1m[36mUser Load (0.3ms)[0m  [1m[34mSELECT "users".* FROM "users" WHERE "users"."id" = $1 ORDER BY "users"."id" ASC LIMIT $2[0m  [["id", 1], ["LIMIT", 1]]
  [1m[36mTRANSACTION (0.2ms)[0m  [1m[35mBEGIN[0m
  ↳ app/controllers/training_sessions_controller.rb:15:in `create'
  [1m[36mTrainingSession Create (3.9ms)[0m  [1m[32mINSERT INTO "training_sessions" ("date", "activity", "duration", "description", "user_id", "created_at", "updated_at") VALUES ($1, $2, $3, $4, $5, $6, $7) RETURNING "id"[0m  [["date", "2024-10-31"], ["activity", "Running"], ["duration", 40], ["description", "Running uphill"], ["user_id", 1], ["created_at", "2024-11-01 18:47:25.000980"], ["updated_at", "2024-11-01 18:47:25.000980"]]
  ↳ app/controllers/training_sessions_controller.rb:15:in `create'
  [1m[36mTRANSACTION (1.2ms)[0m  [1m[35mCOMMIT[0m
  ↳ app/controllers/training_sessions_controller.rb:15:in `create'
Redirected to http://127.0.0.1:3000/training_sessions
Completed 302 Found in 16ms (ActiveRecord: 4.9ms (2 queries, 0 cached) | GC: 0.5ms)


Started GET "/training_sessions" for 127.0.0.1 at 2024-11-01 15:47:25 -0300
Processing by TrainingSessionsController#index as HTML
  [1m[36mUser Load (0.3ms)[0m  [1m[34mSELECT "users".* FROM "users" WHERE "users"."id" = $1 ORDER BY "users"."id" ASC LIMIT $2[0m  [["id", 1], ["LIMIT", 1]]
  Rendering layout layouts/application.html.erb
  Rendering training_sessions/index.html.erb within layouts/application
  [1m[36mTrainingSession Load (0.3ms)[0m  [1m[34mSELECT "training_sessions".* FROM "training_sessions" WHERE "training_sessions"."user_id" = $1 ORDER BY "training_sessions"."date" DESC[0m  [["user_id", 1]]
  ↳ app/views/training_sessions/index.html.erb:5
  Rendered training_sessions/index.html.erb within layouts/application (Duration: 2.4ms | GC: 0.0ms)
  Rendered layout layouts/application.html.erb (Duration: 6.0ms | GC: 0.0ms)
Completed 200 OK in 11ms (Views: 6.2ms | ActiveRecord: 0.6ms (2 queries, 0 cached) | GC: 0.5ms)


Started GET "/training_sessions" for 127.0.0.1 at 2024-11-01 15:48:35 -0300
Processing by TrainingSessionsController#index as HTML
  [1m[36mUser Load (0.2ms)[0m  [1m[34mSELECT "users".* FROM "users" WHERE "users"."id" = $1 ORDER BY "users"."id" ASC LIMIT $2[0m  [["id", 1], ["LIMIT", 1]]
  Rendering layout layouts/application.html.erb
  Rendering training_sessions/index.html.erb within layouts/application
  [1m[36mTrainingSession Load (0.2ms)[0m  [1m[34mSELECT "training_sessions".* FROM "training_sessions" WHERE "training_sessions"."user_id" = $1 ORDER BY "training_sessions"."date" DESC[0m  [["user_id", 1]]
  ↳ app/views/training_sessions/index.html.erb:5
  Rendered training_sessions/index.html.erb within layouts/application (Duration: 2.7ms | GC: 0.1ms)
  Rendered layout layouts/application.html.erb (Duration: 4.9ms | GC: 0.2ms)
Completed 200 OK in 31ms (Views: 5.4ms | ActiveRecord: 18.5ms (2 queries, 0 cached) | GC: 0.5ms)


Started GET "/training_sessions/new" for 127.0.0.1 at 2024-11-01 15:48:37 -0300
Processing by TrainingSessionsController#new as HTML
  [1m[36mUser Load (0.6ms)[0m  [1m[34mSELECT "users".* FROM "users" WHERE "users"."id" = $1 ORDER BY "users"."id" ASC LIMIT $2[0m  [["id", 1], ["LIMIT", 1]]
  Rendering layout layouts/application.html.erb
  Rendering training_sessions/new.html.erb within layouts/application
  Rendered training_sessions/_form.html.erb (Duration: 2.7ms | GC: 0.0ms)
  Rendered training_sessions/new.html.erb within layouts/application (Duration: 4.6ms | GC: 0.0ms)
  Rendered layout layouts/application.html.erb (Duration: 8.1ms | GC: 0.0ms)
Completed 200 OK in 17ms (Views: 9.0ms | ActiveRecord: 0.5ms (1 query, 0 cached) | GC: 0.4ms)


Started POST "/training_sessions" for 127.0.0.1 at 2024-11-01 15:48:55 -0300
Processing by TrainingSessionsController#create as HTML
  Parameters: {"authenticity_token"=>"[FILTERED]", "training_session"=>{"date"=>"2024-10-29", "activity"=>"Gym", "duration"=>"60", "description"=>"Went to the gym"}, "commit"=>"Create Training session"}
  [1m[36mUser Load (0.3ms)[0m  [1m[34mSELECT "users".* FROM "users" WHERE "users"."id" = $1 ORDER BY "users"."id" ASC LIMIT $2[0m  [["id", 1], ["LIMIT", 1]]
  [1m[36mTRANSACTION (0.1ms)[0m  [1m[35mBEGIN[0m
  ↳ app/controllers/training_sessions_controller.rb:15:in `create'
  [1m[36mTrainingSession Create (2.3ms)[0m  [1m[32mINSERT INTO "training_sessions" ("date", "activity", "duration", "description", "user_id", "created_at", "updated_at") VALUES ($1, $2, $3, $4, $5, $6, $7) RETURNING "id"[0m  [["date", "2024-10-29"], ["activity", "Gym"], ["duration", 60], ["description", "Went to the gym"], ["user_id", 1], ["created_at", "2024-11-01 18:48:55.172263"], ["updated_at", "2024-11-01 18:48:55.172263"]]
  ↳ app/controllers/training_sessions_controller.rb:15:in `create'
  [1m[36mTRANSACTION (0.6ms)[0m  [1m[35mCOMMIT[0m
  ↳ app/controllers/training_sessions_controller.rb:15:in `create'
Redirected to http://127.0.0.1:3000/training_sessions
Completed 302 Found in 11ms (ActiveRecord: 3.3ms (2 queries, 0 cached) | GC: 0.5ms)


Started GET "/training_sessions" for 127.0.0.1 at 2024-11-01 15:48:55 -0300
Processing by TrainingSessionsController#index as HTML
  [1m[36mUser Load (0.3ms)[0m  [1m[34mSELECT "users".* FROM "users" WHERE "users"."id" = $1 ORDER BY "users"."id" ASC LIMIT $2[0m  [["id", 1], ["LIMIT", 1]]
  Rendering layout layouts/application.html.erb
  Rendering training_sessions/index.html.erb within layouts/application
  [1m[36mTrainingSession Load (0.3ms)[0m  [1m[34mSELECT "training_sessions".* FROM "training_sessions" WHERE "training_sessions"."user_id" = $1 ORDER BY "training_sessions"."date" DESC[0m  [["user_id", 1]]
  ↳ app/views/training_sessions/index.html.erb:5
  Rendered training_sessions/index.html.erb within layouts/application (Duration: 2.5ms | GC: 0.0ms)
  Rendered layout layouts/application.html.erb (Duration: 6.4ms | GC: 0.3ms)
Completed 200 OK in 11ms (Views: 6.5ms | ActiveRecord: 0.5ms (2 queries, 0 cached) | GC: 0.6ms)


Started GET "/training_sessions" for 127.0.0.1 at 2024-11-01 15:50:06 -0300
Processing by TrainingSessionsController#index as HTML
  [1m[36mUser Load (0.2ms)[0m  [1m[34mSELECT "users".* FROM "users" WHERE "users"."id" = $1 ORDER BY "users"."id" ASC LIMIT $2[0m  [["id", 1], ["LIMIT", 1]]
  Rendering layout layouts/application.html.erb
  Rendering training_sessions/index.html.erb within layouts/application
  [1m[36mTrainingSession Load (0.3ms)[0m  [1m[34mSELECT "training_sessions".* FROM "training_sessions" WHERE "training_sessions"."user_id" = $1 ORDER BY "training_sessions"."date" DESC[0m  [["user_id", 1]]
  ↳ app/views/training_sessions/index.html.erb:5
  Rendered training_sessions/index.html.erb within layouts/application (Duration: 6.7ms | GC: 3.6ms)
  Rendered layout layouts/application.html.erb (Duration: 9.5ms | GC: 4.1ms)
Completed 200 OK in 40ms (Views: 10.1ms | ActiveRecord: 21.9ms (2 queries, 0 cached) | GC: 4.1ms)


Started GET "/training_sessions" for 127.0.0.1 at 2024-11-01 15:51:14 -0300
Processing by TrainingSessionsController#index as HTML
  [1m[36mUser Load (1.1ms)[0m  [1m[34mSELECT "users".* FROM "users" WHERE "users"."id" = $1 ORDER BY "users"."id" ASC LIMIT $2[0m  [["id", 1], ["LIMIT", 1]]
  Rendering layout layouts/application.html.erb
  Rendering training_sessions/index.html.erb within layouts/application
  [1m[36mTrainingSession Load (0.5ms)[0m  [1m[34mSELECT "training_sessions".* FROM "training_sessions" WHERE "training_sessions"."user_id" = $1 ORDER BY "training_sessions"."date" DESC[0m  [["user_id", 1]]
  ↳ app/views/training_sessions/index.html.erb:5
  Rendered training_sessions/index.html.erb within layouts/application (Duration: 3.3ms | GC: 0.6ms)
  Rendered layout layouts/application.html.erb (Duration: 7.4ms | GC: 1.1ms)
Completed 200 OK in 20ms (Views: 7.6ms | ActiveRecord: 1.6ms (2 queries, 0 cached) | GC: 1.1ms)


Started GET "/training_sessions" for 127.0.0.1 at 2024-11-01 15:51:33 -0300
Processing by TrainingSessionsController#index as HTML
  [1m[36mUser Load (1.4ms)[0m  [1m[34mSELECT "users".* FROM "users" WHERE "users"."id" = $1 ORDER BY "users"."id" ASC LIMIT $2[0m  [["id", 1], ["LIMIT", 1]]
  Rendering layout layouts/application.html.erb
  Rendering training_sessions/index.html.erb within layouts/application
  [1m[36mTrainingSession Load (0.7ms)[0m  [1m[34mSELECT "training_sessions".* FROM "training_sessions" WHERE "training_sessions"."user_id" = $1 ORDER BY "training_sessions"."date" DESC[0m  [["user_id", 1]]
  ↳ app/views/training_sessions/index.html.erb:5
  Rendered training_sessions/index.html.erb within layouts/application (Duration: 3.5ms | GC: 0.0ms)
  Rendered layout layouts/application.html.erb (Duration: 9.3ms | GC: 0.7ms)
Completed 200 OK in 34ms (Views: 9.5ms | ActiveRecord: 2.0ms (2 queries, 0 cached) | GC: 2.0ms)


Started GET "/training_sessions" for 127.0.0.1 at 2024-11-01 15:51:59 -0300
Processing by TrainingSessionsController#index as HTML
  [1m[36mUser Load (0.3ms)[0m  [1m[34mSELECT "users".* FROM "users" WHERE "users"."id" = $1 ORDER BY "users"."id" ASC LIMIT $2[0m  [["id", 1], ["LIMIT", 1]]
  Rendering layout layouts/application.html.erb
  Rendering training_sessions/index.html.erb within layouts/application
  [1m[36mTrainingSession Load (0.4ms)[0m  [1m[34mSELECT "training_sessions".* FROM "training_sessions" WHERE "training_sessions"."user_id" = $1 ORDER BY "training_sessions"."date" DESC[0m  [["user_id", 1]]
  ↳ app/views/training_sessions/index.html.erb:5
  Rendered training_sessions/index.html.erb within layouts/application (Duration: 3.0ms | GC: 0.0ms)
  Rendered layout layouts/application.html.erb (Duration: 7.3ms | GC: 0.4ms)
Completed 200 OK in 12ms (Views: 7.3ms | ActiveRecord: 0.6ms (2 queries, 0 cached) | GC: 0.9ms)


Started DELETE "/users/sign_out" for 127.0.0.1 at 2024-11-01 15:52:30 -0300
Processing by Devise::SessionsController#destroy as HTML
  Parameters: {"authenticity_token"=>"[FILTERED]"}
  [1m[36mUser Load (0.8ms)[0m  [1m[34mSELECT "users".* FROM "users" WHERE "users"."id" = $1 ORDER BY "users"."id" ASC LIMIT $2[0m  [["id", 1], ["LIMIT", 1]]
Redirected to http://127.0.0.1:3000/
Completed 303 See Other in 16ms (ActiveRecord: 0.8ms (1 query, 0 cached) | GC: 0.0ms)


Started GET "/" for 127.0.0.1 at 2024-11-01 15:52:30 -0300
Processing by TrainingSessionsController#index as HTML
Completed 401 Unauthorized in 1ms (ActiveRecord: 0.0ms (0 queries, 0 cached) | GC: 0.0ms)


Started GET "/users/sign_in" for 127.0.0.1 at 2024-11-01 15:52:30 -0300
Processing by Devise::SessionsController#new as HTML
  Rendering layout layouts/application.html.erb
  Rendering devise/sessions/new.html.erb within layouts/application
  Rendered devise/shared/_links.html.erb (Duration: 0.9ms | GC: 0.3ms)
  Rendered devise/sessions/new.html.erb within layouts/application (Duration: 2.9ms | GC: 0.3ms)
  Rendered layout layouts/application.html.erb (Duration: 5.7ms | GC: 0.3ms)
Completed 200 OK in 9ms (Views: 7.6ms | ActiveRecord: 0.0ms (0 queries, 0 cached) | GC: 0.7ms)


Started GET "/users/sign_in" for 127.0.0.1 at 2024-11-01 15:53:27 -0300
Processing by Devise::SessionsController#new as HTML
  Rendering layout layouts/application.html.erb
  Rendering devise/sessions/new.html.erb within layouts/application
  Rendered devise/shared/_links.html.erb (Duration: 0.3ms | GC: 0.0ms)
  Rendered devise/sessions/new.html.erb within layouts/application (Duration: 1.7ms | GC: 0.0ms)
  Rendered layout layouts/application.html.erb (Duration: 4.1ms | GC: 0.0ms)
Completed 200 OK in 14ms (Views: 5.5ms | ActiveRecord: 5.9ms (0 queries, 0 cached) | GC: 0.0ms)


Started POST "/users/sign_in" for 127.0.0.1 at 2024-11-01 15:53:31 -0300
Processing by Devise::SessionsController#create as HTML
  Parameters: {"authenticity_token"=>"[FILTERED]", "user"=>{"email"=>"[FILTERED]", "password"=>"[FILTERED]", "remember_me"=>"0"}, "commit"=>"Log in"}
  [1m[36mUser Load (0.6ms)[0m  [1m[34mSELECT "users".* FROM "users" WHERE "users"."email" = $1 ORDER BY "users"."id" ASC LIMIT $2[0m  [["email", "[FILTERED]"], ["LIMIT", 1]]
Redirected to http://127.0.0.1:3000/
Completed 303 See Other in 304ms (ActiveRecord: 0.6ms (1 query, 0 cached) | GC: 0.0ms)


Started GET "/" for 127.0.0.1 at 2024-11-01 15:53:31 -0300
Processing by TrainingSessionsController#index as HTML
  [1m[36mUser Load (0.2ms)[0m  [1m[34mSELECT "users".* FROM "users" WHERE "users"."id" = $1 ORDER BY "users"."id" ASC LIMIT $2[0m  [["id", 1], ["LIMIT", 1]]
  Rendering layout layouts/application.html.erb
  Rendering training_sessions/index.html.erb within layouts/application
  [1m[36mTrainingSession Load (11.6ms)[0m  [1m[34mSELECT "training_sessions".* FROM "training_sessions" WHERE "training_sessions"."user_id" = $1 ORDER BY "training_sessions"."date" DESC[0m  [["user_id", 1]]
  ↳ app/views/training_sessions/index.html.erb:5
  Rendered training_sessions/index.html.erb within layouts/application (Duration: 18.4ms | GC: 3.7ms)
  Rendered layout layouts/application.html.erb (Duration: 20.2ms | GC: 4.2ms)
Completed 200 OK in 27ms (Views: 9.2ms | ActiveRecord: 14.4ms (2 queries, 0 cached) | GC: 4.2ms)


Started DELETE "/users/sign_out" for 127.0.0.1 at 2024-11-01 15:55:32 -0300
Processing by Devise::SessionsController#destroy as HTML
  Parameters: {"authenticity_token"=>"[FILTERED]"}
  [1m[36mUser Load (0.2ms)[0m  [1m[34mSELECT "users".* FROM "users" WHERE "users"."id" = $1 ORDER BY "users"."id" ASC LIMIT $2[0m  [["id", 1], ["LIMIT", 1]]
Redirected to http://127.0.0.1:3000/
Completed 303 See Other in 28ms (ActiveRecord: 21.8ms (1 query, 0 cached) | GC: 0.3ms)


Started GET "/" for 127.0.0.1 at 2024-11-01 15:55:32 -0300
Processing by TrainingSessionsController#index as HTML
Completed 401 Unauthorized in 1ms (ActiveRecord: 0.0ms (0 queries, 0 cached) | GC: 0.1ms)


Started GET "/users/sign_in" for 127.0.0.1 at 2024-11-01 15:55:32 -0300
Processing by Devise::SessionsController#new as HTML
  Rendering layout layouts/application.html.erb
  Rendering devise/sessions/new.html.erb within layouts/application
  Rendered devise/shared/_links.html.erb (Duration: 0.3ms | GC: 0.0ms)
  Rendered devise/sessions/new.html.erb within layouts/application (Duration: 1.5ms | GC: 0.0ms)
  Rendered layout layouts/application.html.erb (Duration: 3.6ms | GC: 0.1ms)
Completed 200 OK in 6ms (Views: 5.1ms | ActiveRecord: 0.0ms (0 queries, 0 cached) | GC: 0.3ms)


Started GET "/users/sign_up" for 127.0.0.1 at 2024-11-01 15:55:34 -0300
Processing by Devise::RegistrationsController#new as HTML
  Rendering layout layouts/application.html.erb
  Rendering devise/registrations/new.html.erb within layouts/application
  Rendered devise/shared/_error_messages.html.erb (Duration: 0.5ms | GC: 0.0ms)
  Rendered devise/shared/_links.html.erb (Duration: 0.3ms | GC: 0.0ms)
  Rendered devise/registrations/new.html.erb within layouts/application (Duration: 4.9ms | GC: 0.5ms)
  Rendered layout layouts/application.html.erb (Duration: 9.1ms | GC: 0.5ms)
Completed 200 OK in 12ms (Views: 10.9ms | ActiveRecord: 0.0ms (0 queries, 0 cached) | GC: 0.5ms)


Started GET "/users/sign_in" for 127.0.0.1 at 2024-11-01 15:55:37 -0300
Processing by Devise::SessionsController#new as HTML
  Rendering layout layouts/application.html.erb
  Rendering devise/sessions/new.html.erb within layouts/application
  Rendered devise/shared/_links.html.erb (Duration: 0.2ms | GC: 0.0ms)
  Rendered devise/sessions/new.html.erb within layouts/application (Duration: 2.3ms | GC: 0.0ms)
  Rendered layout layouts/application.html.erb (Duration: 6.4ms | GC: 0.2ms)
Completed 200 OK in 8ms (Views: 7.0ms | ActiveRecord: 0.0ms (0 queries, 0 cached) | GC: 0.2ms)


Started POST "/users/sign_in" for 127.0.0.1 at 2024-11-01 15:55:39 -0300
Processing by Devise::SessionsController#create as HTML
  Parameters: {"authenticity_token"=>"[FILTERED]", "user"=>{"email"=>"[FILTERED]", "password"=>"[FILTERED]", "remember_me"=>"0"}, "commit"=>"Log in"}
  [1m[36mUser Load (0.8ms)[0m  [1m[34mSELECT "users".* FROM "users" WHERE "users"."email" = $1 ORDER BY "users"."id" ASC LIMIT $2[0m  [["email", "[FILTERED]"], ["LIMIT", 1]]
Redirected to http://127.0.0.1:3000/
Completed 303 See Other in 302ms (ActiveRecord: 0.8ms (1 query, 0 cached) | GC: 0.0ms)


Started GET "/" for 127.0.0.1 at 2024-11-01 15:55:40 -0300
Processing by TrainingSessionsController#index as HTML
  [1m[36mUser Load (0.5ms)[0m  [1m[34mSELECT "users".* FROM "users" WHERE "users"."id" = $1 ORDER BY "users"."id" ASC LIMIT $2[0m  [["id", 1], ["LIMIT", 1]]
  Rendering layout layouts/application.html.erb
  Rendering training_sessions/index.html.erb within layouts/application
  [1m[36mTrainingSession Load (0.2ms)[0m  [1m[34mSELECT "training_sessions".* FROM "training_sessions" WHERE "training_sessions"."user_id" = $1 ORDER BY "training_sessions"."date" DESC[0m  [["user_id", 1]]
  ↳ app/views/training_sessions/index.html.erb:5
  Rendered training_sessions/index.html.erb within layouts/application (Duration: 2.8ms | GC: 0.0ms)
  Rendered layout layouts/application.html.erb (Duration: 4.1ms | GC: 0.0ms)
Completed 200 OK in 12ms (Views: 4.5ms | ActiveRecord: 3.3ms (2 queries, 0 cached) | GC: 0.0ms)


Started GET "/training_sessions/1/edit" for 127.0.0.1 at 2024-11-01 15:55:42 -0300
Processing by TrainingSessionsController#edit as HTML
  Parameters: {"id"=>"1"}
  [1m[36mUser Load (0.4ms)[0m  [1m[34mSELECT "users".* FROM "users" WHERE "users"."id" = $1 ORDER BY "users"."id" ASC LIMIT $2[0m  [["id", 1], ["LIMIT", 1]]
  [1m[36mTrainingSession Load (0.4ms)[0m  [1m[34mSELECT "training_sessions".* FROM "training_sessions" WHERE "training_sessions"."user_id" = $1 AND "training_sessions"."id" = $2 LIMIT $3[0m  [["user_id", 1], ["id", 1], ["LIMIT", 1]]
  ↳ app/controllers/training_sessions_controller.rb:40:in `set_training_session'
  Rendering layout layouts/application.html.erb
  Rendering training_sessions/edit.html.erb within layouts/application
  Rendered training_sessions/_form.html.erb (Duration: 2.5ms | GC: 0.0ms)
  Rendered training_sessions/edit.html.erb within layouts/application (Duration: 3.5ms | GC: 0.0ms)
  Rendered layout layouts/application.html.erb (Duration: 7.0ms | GC: 0.4ms)
Completed 200 OK in 16ms (Views: 7.4ms | ActiveRecord: 0.8ms (2 queries, 0 cached) | GC: 1.7ms)


Started GET "/training_sessions/1/edit" for 127.0.0.1 at 2024-11-01 15:56:10 -0300
Processing by TrainingSessionsController#edit as HTML
  Parameters: {"id"=>"1"}
  [1m[36mUser Load (7.1ms)[0m  [1m[34mSELECT "users".* FROM "users" WHERE "users"."id" = $1 ORDER BY "users"."id" ASC LIMIT $2[0m  [["id", 1], ["LIMIT", 1]]
  [1m[36mTrainingSession Load (0.8ms)[0m  [1m[34mSELECT "training_sessions".* FROM "training_sessions" WHERE "training_sessions"."user_id" = $1 AND "training_sessions"."id" = $2 LIMIT $3[0m  [["user_id", 1], ["id", 1], ["LIMIT", 1]]
  ↳ app/controllers/training_sessions_controller.rb:40:in `set_training_session'
  Rendering layout layouts/application.html.erb
  Rendering training_sessions/edit.html.erb within layouts/application
  Rendered training_sessions/_form.html.erb (Duration: 3.8ms | GC: 0.9ms)
  Rendered training_sessions/edit.html.erb within layouts/application (Duration: 4.1ms | GC: 0.9ms)
  Rendered layout layouts/application.html.erb (Duration: 8.6ms | GC: 0.9ms)
Completed 200 OK in 44ms (Views: 9.3ms | ActiveRecord: 7.9ms (2 queries, 0 cached) | GC: 0.9ms)


Started GET "/training_sessions/1/edit" for 127.0.0.1 at 2024-11-01 15:56:33 -0300
Processing by TrainingSessionsController#edit as HTML
  Parameters: {"id"=>"1"}
  [1m[36mUser Load (0.1ms)[0m  [1m[34mSELECT "users".* FROM "users" WHERE "users"."id" = $1 ORDER BY "users"."id" ASC LIMIT $2[0m  [["id", 1], ["LIMIT", 1]]
  [1m[36mTrainingSession Load (0.2ms)[0m  [1m[34mSELECT "training_sessions".* FROM "training_sessions" WHERE "training_sessions"."user_id" = $1 AND "training_sessions"."id" = $2 LIMIT $3[0m  [["user_id", 1], ["id", 1], ["LIMIT", 1]]
  ↳ app/controllers/training_sessions_controller.rb:40:in `set_training_session'
  Rendering layout layouts/application.html.erb
  Rendering training_sessions/edit.html.erb within layouts/application
  Rendered training_sessions/_form.html.erb (Duration: 0.4ms | GC: 0.0ms)
  Rendered training_sessions/edit.html.erb within layouts/application (Duration: 0.8ms | GC: 0.0ms)
  Rendered layout layouts/application.html.erb (Duration: 0.9ms | GC: 0.0ms)
Completed 500 Internal Server Error in 36ms (ActiveRecord: 23.8ms (2 queries, 0 cached) | GC: 0.7ms)


  
ActionView::SyntaxErrorInTemplate (Encountered a syntax error while rendering template: check <%= form_with model: training_session, local: true do |f| %>
    <div class="mb-3">
      <%= f.label :date %>
      <%= f.date_field :date, class: 'form-control' %>
    </div>
    <div class="mb-3">
      <%= f.label :activity %>
      <%= f.text_field :activity, class: 'form-control' %>
    </div>
    <div class="mb-3">
      <%= f.label :duratio(min) %>
      <%= f.number_field :duration, class: 'form-control', min: 1 %>
    </div>
    <div class="mb-3">
      <%= f.label :description %>
      <%= f.text_area :description, class: 'form-control' %>
    </div>
    <%= f.submit class: 'btn btn-primary' %>
  <% end %>
):

Causes:
ActiveSupport::SyntaxErrorProxy (/Users/beatricevaldesbretti/lab-08-beatricebretti/trackingApp/app/views/training_sessions/_form.html.erb:11: syntax error, unexpected '(', expecting ')'
...ffer.append=( f.label :duratio(min) ); @output_buffer.safe_a...
...                              ^
/Users/beatricevaldesbretti/lab-08-beatricebretti/trackingApp/app/views/training_sessions/_form.html.erb:21: syntax error, unexpected `end'
          end
          ^~~
)
1:    <%= form_with model: training_session, local: true do |f| %>
2:        <div class="mb-3">
3:          <%= f.label :date %>
4:          <%= f.date_field :date, class: 'form-control' %>
5:        </div>
6:        <div class="mb-3">
7:          <%= f.label :activity %>
8:          <%= f.text_field :activity, class: 'form-control' %>
9:        </div>
10:        <div class="mb-3">
11:          <%= f.label :duratio(min) %>
12:          <%= f.number_field :duration, class: 'form-control', min: 1 %>
13:        </div>
14:        <div class="mb-3">
15:          <%= f.label :description %>
16:          <%= f.text_area :description, class: 'form-control' %>
17:        </div>
18:        <%= f.submit class: 'btn btn-primary' %>
19:      <% end %>
  
app/views/training_sessions/_form.html.erb:11: syntax error, unexpected '(', expecting ')'
app/views/training_sessions/_form.html.erb:21: syntax error, unexpected `end'
app/views/training_sessions/edit.html.erb:1
Started GET "/training_sessions/1/edit" for 127.0.0.1 at 2024-11-01 15:56:40 -0300
Processing by TrainingSessionsController#edit as HTML
  Parameters: {"id"=>"1"}
  [1m[36mUser Load (0.2ms)[0m  [1m[34mSELECT "users".* FROM "users" WHERE "users"."id" = $1 ORDER BY "users"."id" ASC LIMIT $2[0m  [["id", 1], ["LIMIT", 1]]
  [1m[36mTrainingSession Load (0.1ms)[0m  [1m[34mSELECT "training_sessions".* FROM "training_sessions" WHERE "training_sessions"."user_id" = $1 AND "training_sessions"."id" = $2 LIMIT $3[0m  [["user_id", 1], ["id", 1], ["LIMIT", 1]]
  ↳ app/controllers/training_sessions_controller.rb:40:in `set_training_session'
  Rendering layout layouts/application.html.erb
  Rendering training_sessions/edit.html.erb within layouts/application
  Rendered training_sessions/_form.html.erb (Duration: 1.0ms | GC: 0.0ms)
  Rendered training_sessions/edit.html.erb within layouts/application (Duration: 1.4ms | GC: 0.0ms)
  Rendered layout layouts/application.html.erb (Duration: 3.3ms | GC: 0.0ms)
Completed 200 OK in 19ms (Views: 4.2ms | ActiveRecord: 6.5ms (2 queries, 0 cached) | GC: 0.1ms)


Started GET "/" for 127.0.0.1 at 2024-11-01 15:56:42 -0300
Processing by TrainingSessionsController#index as HTML
  [1m[36mUser Load (0.3ms)[0m  [1m[34mSELECT "users".* FROM "users" WHERE "users"."id" = $1 ORDER BY "users"."id" ASC LIMIT $2[0m  [["id", 1], ["LIMIT", 1]]
  Rendering layout layouts/application.html.erb
  Rendering training_sessions/index.html.erb within layouts/application
  [1m[36mTrainingSession Load (0.4ms)[0m  [1m[34mSELECT "training_sessions".* FROM "training_sessions" WHERE "training_sessions"."user_id" = $1 ORDER BY "training_sessions"."date" DESC[0m  [["user_id", 1]]
  ↳ app/views/training_sessions/index.html.erb:5
  Rendered training_sessions/index.html.erb within layouts/application (Duration: 3.0ms | GC: 0.0ms)
  Rendered layout layouts/application.html.erb (Duration: 5.7ms | GC: 0.0ms)
Completed 200 OK in 11ms (Views: 5.7ms | ActiveRecord: 0.7ms (2 queries, 0 cached) | GC: 0.1ms)


